"../../../Engine/Content/Animation/DefaultAnimCurveCompressionSettings.uasset" 0
"../../../Engine/Content/Animation/DefaultAnimCurveCompressionSettings.uexp" 1
"../../../Engine/Content/EngineMaterials/T_Default_Material_Grid_M.ubulk" 2
"../../../Engine/Content/EngineMaterials/T_Default_Material_Grid_M.uasset" 3
"../../../Engine/Content/EngineMaterials/T_Default_Material_Grid_M.uexp" 4
"../../../Engine/Content/EngineMaterials/T_Default_Material_Grid_N.ubulk" 5
"../../../Engine/Content/EngineMaterials/T_Default_Material_Grid_N.uasset" 6
"../../../Engine/Content/EngineMaterials/T_Default_Material_Grid_N.uexp" 7
"../../../Engine/Content/Functions/Engine_MaterialFunctions01/Opacity/CameraDepthFade.uasset" 8
"../../../Engine/Content/Functions/Engine_MaterialFunctions01/Opacity/CameraDepthFade.uexp" 9
"../../../Engine/Content/EngineMaterials/WorldGridMaterial.uasset" 10
"../../../Engine/Content/EngineMaterials/WorldGridMaterial.uexp" 11
"../../../Engine/Content/ArtTools/RenderToTexture/Meshes/S_1_Unit_Plane.ubulk" 12
"../../../Engine/Content/ArtTools/RenderToTexture/Meshes/S_1_Unit_Plane.uasset" 13
"../../../Engine/Content/ArtTools/RenderToTexture/Meshes/S_1_Unit_Plane.uexp" 14
"../../../Engine/Content/EngineMaterials/DefaultMaterial.uasset" 15
"../../../Engine/Content/EngineMaterials/DefaultMaterial.uexp" 16
"../../../Engine/Content/BasicShapes/Sphere.ubulk" 17
"../../../Engine/Content/BasicShapes/Sphere.uasset" 18
"../../../Engine/Content/BasicShapes/Sphere.uexp" 19
"../../../Engine/Content/BasicShapes/Plane.ubulk" 20
"../../../Engine/Content/BasicShapes/Plane.uasset" 21
"../../../Engine/Content/BasicShapes/Plane.uexp" 22
"../../../Engine/Content/BasicShapes/Cylinder.ubulk" 23
"../../../Engine/Content/BasicShapes/Cylinder.uasset" 24
"../../../Engine/Content/BasicShapes/Cylinder.uexp" 25
"../../../Engine/Content/BasicShapes/Cube.ubulk" 26
"../../../Engine/Content/BasicShapes/Cube.uasset" 27
"../../../Engine/Content/BasicShapes/Cube.uexp" 28
"../../../Engine/Content/BasicShapes/Cone.ubulk" 29
"../../../Engine/Content/BasicShapes/Cone.uasset" 30
"../../../Engine/Content/BasicShapes/Cone.uexp" 31
"../../../Engine/Content/EditorLandscapeResources/DefaultAlphaTexture.uasset" 32
"../../../Engine/Content/EditorLandscapeResources/DefaultAlphaTexture.uexp" 33
"../../../Engine/Content/EditorLandscapeResources/DataLayer.uasset" 34
"../../../Engine/Content/EditorLandscapeResources/DataLayer.uexp" 35
"../../../Engine/Content/EditorMaterials/PreviewShadowIndicator.ubulk" 36
"../../../Engine/Content/EditorMaterials/PreviewShadowIndicator.uasset" 37
"../../../Engine/Content/EditorMaterials/PreviewShadowIndicator.uexp" 38
"../../../Engine/Content/EditorMaterials/PreviewShadowIndicatorMaterial.uasset" 39
"../../../Engine/Content/EditorMaterials/PreviewShadowIndicatorMaterial.uexp" 40
"../../../Engine/Content/EditorMaterials/MAT_Groups_Visibility.uasset" 41
"../../../Engine/Content/EditorMaterials/MAT_Groups_Visibility.uexp" 42
"../../../Engine/Content/EditorMaterials/MAT_Groups_Toggle.uasset" 43
"../../../Engine/Content/EditorMaterials/MAT_Groups_Toggle.uexp" 44
"../../../Engine/Content/EditorMaterials/MatineeGroups/MAT_Groups_Vector.uasset" 45
"../../../Engine/Content/EditorMaterials/MatineeGroups/MAT_Groups_Vector.uexp" 46
"../../../Engine/Content/EditorMaterials/MatineeGroups/MAT_Groups_Sound.uasset" 47
"../../../Engine/Content/EditorMaterials/MatineeGroups/MAT_Groups_Sound.uexp" 48
"../../../Engine/Content/EditorMaterials/MatineeGroups/MAT_Groups_Slomo.uasset" 49
"../../../Engine/Content/EditorMaterials/MatineeGroups/MAT_Groups_Slomo.uexp" 50
"../../../Engine/Content/EditorMaterials/ParticleSystems/PSysThumbnail_OOD.ubulk" 51
"../../../Engine/Content/EditorMaterials/ParticleSystems/PSysThumbnail_OOD.uasset" 52
"../../../Engine/Content/EditorMaterials/ParticleSystems/PSysThumbnail_OOD.uexp" 53
"../../../Engine/Content/EditorMaterials/ParticleSystems/PSysThumbnail_NoImage.ubulk" 54
"../../../Engine/Content/EditorMaterials/ParticleSystems/PSysThumbnail_NoImage.uasset" 55
"../../../Engine/Content/EditorMaterials/ParticleSystems/PSysThumbnail_NoImage.uexp" 56
"../../../Engine/Content/EditorMaterials/MatineeGroups/MAT_Groups_Move.uasset" 57
"../../../Engine/Content/EditorMaterials/MatineeGroups/MAT_Groups_Move.uexp" 58
"../../../Engine/Content/EditorMaterials/MatineeGroups/MAT_Groups_Float.uasset" 59
"../../../Engine/Content/EditorMaterials/MatineeGroups/MAT_Groups_Float.uexp" 60
"../../../Engine/Content/EditorMaterials/MatineeGroups/MAT_Groups_Fade.uasset" 61
"../../../Engine/Content/EditorMaterials/MatineeGroups/MAT_Groups_Fade.uexp" 62
"../../../Engine/Content/EditorMaterials/MatineeGroups/MAT_Groups_Event.uasset" 63
"../../../Engine/Content/EditorMaterials/MatineeGroups/MAT_Groups_Event.uexp" 64
"../../../Engine/Content/EditorMaterials/MatineeGroups/MAT_Groups_Director.uasset" 65
"../../../Engine/Content/EditorMaterials/MatineeGroups/MAT_Groups_Director.uexp" 66
"../../../Engine/Content/EditorMaterials/MatineeGroups/MAT_Groups_AudioMaster.uasset" 67
"../../../Engine/Content/EditorMaterials/MatineeGroups/MAT_Groups_AudioMaster.uexp" 68
"../../../Engine/Content/EditorMaterials/MatineeGroups/MAT_Groups_Anim.uasset" 69
"../../../Engine/Content/EditorMaterials/MatineeGroups/MAT_Groups_Anim.uexp" 70
"../../../Engine/Content/EditorMaterials/MatineeGroups/MAT_ColorTrack.uasset" 71
"../../../Engine/Content/EditorMaterials/MatineeGroups/MAT_ColorTrack.uexp" 72
"../../../Engine/Content/Functions/Engine_MaterialFunctions02/Utility/MakeFloat4.uasset" 73
"../../../Engine/Content/Functions/Engine_MaterialFunctions02/Utility/MakeFloat4.uexp" 74
"../../../Engine/Content/Functions/Engine_MaterialFunctions02/Utility/MakeFloat3.uasset" 75
"../../../Engine/Content/Functions/Engine_MaterialFunctions02/Utility/MakeFloat3.uexp" 76
"../../../Engine/Content/Functions/Engine_MaterialFunctions02/Utility/BreakOutFloat3Components.uasset" 77
"../../../Engine/Content/Functions/Engine_MaterialFunctions02/Utility/BreakOutFloat3Components.uexp" 78
"../../../Engine/Content/EditorMaterials/WorldPartition/WorldPartitionSpatialHashGridPreviewMaterial.uasset" 79
"../../../Engine/Content/EditorMaterials/WorldPartition/WorldPartitionSpatialHashGridPreviewMaterial.uexp" 80
"../../../Engine/Content/EditorMaterials/Camera/CineMat.uasset" 81
"../../../Engine/Content/EditorMaterials/Camera/CineMat.uexp" 82
"../../../Engine/Content/EditorMaterials/Camera/MI_CineMat_Rig.uasset" 83
"../../../Engine/Content/EditorMaterials/Camera/MI_CineMat_Rig.uexp" 84
"../../../Engine/Content/EditorMeshes/Camera/SM_RailRig_Track.ubulk" 85
"../../../Engine/Content/EditorMeshes/Camera/SM_RailRig_Track.uasset" 86
"../../../Engine/Content/EditorMeshes/Camera/SM_RailRig_Track.uexp" 87
"../../../Engine/Content/EditorMeshes/Camera/SM_RailRig_Mount.ubulk" 88
"../../../Engine/Content/EditorMeshes/Camera/SM_RailRig_Mount.uasset" 89
"../../../Engine/Content/EditorMeshes/Camera/SM_RailRig_Mount.uexp" 90
"../../../Engine/Content/EditorMeshes/Camera/SM_CraneRig_Mount.ubulk" 91
"../../../Engine/Content/EditorMeshes/Camera/SM_CraneRig_Mount.uasset" 92
"../../../Engine/Content/EditorMeshes/Camera/SM_CraneRig_Mount.uexp" 93
"../../../Engine/Content/EditorMeshes/Camera/SM_CraneRig_Body.ubulk" 94
"../../../Engine/Content/EditorMeshes/Camera/SM_CraneRig_Body.uasset" 95
"../../../Engine/Content/EditorMeshes/Camera/SM_CraneRig_Body.uexp" 96
"../../../Engine/Content/EditorMeshes/Camera/SM_CraneRig_Base.ubulk" 97
"../../../Engine/Content/EditorMeshes/Camera/SM_CraneRig_Base.uasset" 98
"../../../Engine/Content/EditorMeshes/Camera/SM_CraneRig_Base.uexp" 99
"../../../Engine/Content/EditorMeshes/Camera/SM_CraneRig_Arm.ubulk" 100
"../../../Engine/Content/EditorMeshes/Camera/SM_CraneRig_Arm.uasset" 101
"../../../Engine/Content/EditorMeshes/Camera/SM_CraneRig_Arm.uexp" 102
"../../../Engine/Content/EditorResources/S_TriggerSphere.uasset" 103
"../../../Engine/Content/EditorResources/S_TriggerSphere.uexp" 104
"../../../Engine/Content/EditorResources/S_TriggerCapsule.uasset" 105
"../../../Engine/Content/EditorResources/S_TriggerCapsule.uexp" 106
"../../../Engine/Content/EditorResources/S_TriggerBox.uasset" 107
"../../../Engine/Content/EditorResources/S_TriggerBox.uexp" 108
"../../../Engine/Content/EditorResources/S_Trigger.ubulk" 109
"../../../Engine/Content/EditorResources/S_Trigger.uasset" 110
"../../../Engine/Content/EditorResources/S_Trigger.uexp" 111
"../../../Engine/Content/EditorResources/S_Terrain.ubulk" 112
"../../../Engine/Content/EditorResources/S_Terrain.uasset" 113
"../../../Engine/Content/EditorResources/S_Terrain.uexp" 114
"../../../Engine/Content/EditorResources/S_Solver.ubulk" 115
"../../../Engine/Content/EditorResources/S_Solver.uasset" 116
"../../../Engine/Content/EditorResources/S_Solver.uexp" 117
"../../../Engine/Content/EditorResources/S_BoxReflectionCapture.uasset" 118
"../../../Engine/Content/EditorResources/S_BoxReflectionCapture.uexp" 119
"../../../Engine/Content/EditorResources/S_Actor.ubulk" 120
"../../../Engine/Content/EditorResources/S_Actor.uasset" 121
"../../../Engine/Content/EditorResources/S_Actor.uexp" 122
"../../../Engine/Content/EditorResources/EmptyActor.uasset" 123
"../../../Engine/Content/EditorResources/EmptyActor.uexp" 124
"../../../Engine/Content/EditorResources/BSPVertex.uasset" 125
"../../../Engine/Content/EditorResources/BSPVertex.uexp" 126
"../../../Engine/Content/EditorResources/SequenceRecorder/RecordingIndicator.uasset" 127
"../../../Engine/Content/EditorResources/SequenceRecorder/RecordingIndicator.uexp" 128
"../../../Engine/Content/EditorResources/SequenceRecorder/Countdown.uasset" 129
"../../../Engine/Content/EditorResources/SequenceRecorder/Countdown.uexp" 130
"../../../Engine/Content/EngineDamageTypes/DmgTypeBP_Environmental.uasset" 131
"../../../Engine/Content/EngineDamageTypes/DmgTypeBP_Environmental.uexp" 132
"../../../Engine/Content/Functions/Engine_MaterialFunctions02/Utility/CameraDirectionVector.uasset" 133
"../../../Engine/Content/Functions/Engine_MaterialFunctions02/Utility/CameraDirectionVector.uexp" 134
"../../../Engine/Content/EngineDebugMaterials/VolumeToRender.uasset" 135
"../../../Engine/Content/EngineDebugMaterials/VolumeToRender.uexp" 136
"../../../Engine/Content/EngineDebugMaterials/M_VolumeRenderSphereTracePP.uasset" 137
"../../../Engine/Content/EngineDebugMaterials/M_VolumeRenderSphereTracePP.uexp" 138
"../../../Engine/Content/EngineDebugMaterials/M_SimpleUnlitTranslucent.uasset" 139
"../../../Engine/Content/EngineDebugMaterials/M_SimpleUnlitTranslucent.uexp" 140
"../../../Engine/Content/EngineDebugMaterials/DebugMeshMaterial.uasset" 141
"../../../Engine/Content/EngineDebugMaterials/DebugMeshMaterial.uexp" 142
"../../../Engine/Content/EngineDebugMaterials/DebugEditorMaterial.uasset" 143
"../../../Engine/Content/EngineDebugMaterials/DebugEditorMaterial.uexp" 144
"../../../Engine/Content/EngineFonts/Faces/RobotoLight.uexp" 145
"../../../Engine/Content/EngineFonts/Faces/RobotoLight.uasset" 146
"../../../Engine/Content/EngineFonts/Faces/RobotoLight.ufont" 147
"../../../Engine/Content/EngineFonts/Faces/RobotoBold.uexp" 148
"../../../Engine/Content/EngineFonts/Faces/RobotoBold.uasset" 149
"../../../Engine/Content/EngineFonts/Faces/RobotoBold.ufont" 150
"../../../Engine/Content/EngineFonts/Faces/RobotoRegular.uexp" 151
"../../../Engine/Content/EngineFonts/Faces/RobotoRegular.uasset" 152
"../../../Engine/Content/EngineFonts/Faces/RobotoRegular.ufont" 153
"../../../Engine/Content/EngineFonts/Faces/DroidSansFallback.uexp" 154
"../../../Engine/Content/EngineFonts/Faces/DroidSansFallback.uasset" 155
"../../../Engine/Content/EngineFonts/Faces/DroidSansFallback.ufont" 156
"../../../Engine/Content/EngineFonts/Faces/RobotoItalic.uexp" 157
"../../../Engine/Content/EngineFonts/Faces/RobotoItalic.uasset" 158
"../../../Engine/Content/EngineFonts/Faces/RobotoItalic.ufont" 159
"../../../Engine/Content/EngineFonts/Faces/RobotoBoldItalic.uexp" 160
"../../../Engine/Content/EngineFonts/Faces/RobotoBoldItalic.uasset" 161
"../../../Engine/Content/EngineFonts/Faces/RobotoBoldItalic.ufont" 162
"../../../Engine/Content/EngineFonts/Roboto.uasset" 163
"../../../Engine/Content/EngineFonts/Roboto.uexp" 164
"../../../Engine/Content/EngineResources/WhiteSquareTexture.uasset" 165
"../../../Engine/Content/EngineResources/WhiteSquareTexture.uexp" 166
"../../../Engine/Content/EngineMaterials/Widget3DPassThrough.uasset" 167
"../../../Engine/Content/EngineMaterials/Widget3DPassThrough.uexp" 168
"../../../Engine/Content/EngineMaterials/Widget3DPassThrough_Translucent.uasset" 169
"../../../Engine/Content/EngineMaterials/Widget3DPassThrough_Translucent.uexp" 170
"../../../Engine/Content/EngineMaterials/Widget3DPassThrough_Translucent_OneSided.uasset" 171
"../../../Engine/Content/EngineMaterials/Widget3DPassThrough_Translucent_OneSided.uexp" 172
"../../../Engine/Content/EngineMaterials/Widget3DPassThrough_Opaque.uasset" 173
"../../../Engine/Content/EngineMaterials/Widget3DPassThrough_Opaque.uexp" 174
"../../../Engine/Content/EngineMaterials/Widget3DPassThrough_Opaque_OneSided.uasset" 175
"../../../Engine/Content/EngineMaterials/Widget3DPassThrough_Opaque_OneSided.uexp" 176
"../../../Engine/Content/EngineMaterials/Widget3DPassThrough_Masked_OneSided.uasset" 177
"../../../Engine/Content/EngineMaterials/Widget3DPassThrough_Masked_OneSided.uexp" 178
"../../../Engine/Content/EngineMaterials/Widget3DPassThrough_Masked.uasset" 179
"../../../Engine/Content/EngineMaterials/Widget3DPassThrough_Masked.uexp" 180
"../../../Engine/Content/EngineMaterials/WeightMapPlaceholderTexture.uasset" 181
"../../../Engine/Content/EngineMaterials/WeightMapPlaceholderTexture.uexp" 182
"../../../Engine/Content/EngineMaterials/RemoveSurfaceMaterial.uasset" 183
"../../../Engine/Content/EngineMaterials/RemoveSurfaceMaterial.uexp" 184
"../../../Engine/Content/EngineMaterials/PreintegratedSkinBRDF.uasset" 185
"../../../Engine/Content/EngineMaterials/PreintegratedSkinBRDF.uexp" 186
"../../../Engine/Content/EngineMaterials/DefaultCalibrationGrayscale.uasset" 187
"../../../Engine/Content/EngineMaterials/DefaultCalibrationGrayscale.uexp" 188
"../../../Engine/Content/EngineMaterials/PPM_DefaultCalibrationGrayscale.uasset" 189
"../../../Engine/Content/EngineMaterials/PPM_DefaultCalibrationGrayscale.uexp" 190
"../../../Engine/Content/EngineMaterials/DefaultCalibrationColor.uasset" 191
"../../../Engine/Content/EngineMaterials/DefaultCalibrationColor.uexp" 192
"../../../Engine/Content/EngineMaterials/PPM_DefaultCalibrationColor.uasset" 193
"../../../Engine/Content/EngineMaterials/PPM_DefaultCalibrationColor.uexp" 194
"../../../Engine/Content/EngineMeshes/Sphere.ubulk" 195
"../../../Engine/Content/EngineMeshes/Sphere.uasset" 196
"../../../Engine/Content/EngineMeshes/Sphere.uexp" 197
"../../../Engine/Content/Functions/Engine_MaterialFunctions02/WorldPositionOffset/CameraOffset.uasset" 198
"../../../Engine/Content/Functions/Engine_MaterialFunctions02/WorldPositionOffset/CameraOffset.uexp" 199
"../../../Engine/Content/EngineMaterials/PhAT_JointLimitMaterial.uasset" 200
"../../../Engine/Content/EngineMaterials/PhAT_JointLimitMaterial.uexp" 201
"../../../Engine/Content/EngineMaterials/InvalidLightmapSettings.ubulk" 202
"../../../Engine/Content/EngineMaterials/InvalidLightmapSettings.uasset" 203
"../../../Engine/Content/EngineMaterials/InvalidLightmapSettings.uexp" 204
"../../../Engine/Content/EngineMaterials/M_InvalidLightmapSettings.uasset" 205
"../../../Engine/Content/EngineMaterials/M_InvalidLightmapSettings.uexp" 206
"../../../Engine/Content/EngineMaterials/MiniFont.uasset" 207
"../../../Engine/Content/EngineMaterials/MiniFont.uexp" 208
"../../../Engine/Content/EngineMaterials/Good64x64TilingNoiseHighFreq.uasset" 209
"../../../Engine/Content/EngineMaterials/Good64x64TilingNoiseHighFreq.uexp" 210
"../../../Engine/Content/EngineMaterials/GizmoMaterial.uasset" 211
"../../../Engine/Content/EngineMaterials/GizmoMaterial.uexp" 212
"../../../Engine/Content/EngineMaterials/BaseFlattenEmissiveMap_VT.uasset" 213
"../../../Engine/Content/EngineMaterials/BaseFlattenEmissiveMap_VT.uexp" 214
"../../../Engine/Content/EngineMaterials/BaseFlattenGrayscaleMap_VT.uasset" 215
"../../../Engine/Content/EngineMaterials/BaseFlattenGrayscaleMap_VT.uexp" 216
"../../../Engine/Content/EngineMaterials/BaseFlattenLinearColor_VT.uasset" 217
"../../../Engine/Content/EngineMaterials/BaseFlattenLinearColor_VT.uexp" 218
"../../../Engine/Content/EngineMaterials/Black_1x1_EXR_Texture_VT.uasset" 219
"../../../Engine/Content/EngineMaterials/Black_1x1_EXR_Texture_VT.uexp" 220
"../../../Engine/Content/EngineMaterials/BaseFlattenDiffuseMap_VT.uasset" 221
"../../../Engine/Content/EngineMaterials/BaseFlattenDiffuseMap_VT.uexp" 222
"../../../Engine/Content/EngineMaterials/BaseFlattenNormalMap_VT.uasset" 223
"../../../Engine/Content/EngineMaterials/BaseFlattenNormalMap_VT.uexp" 224
"../../../Engine/Content/EngineMaterials/FlattenMaterial_WS_Normal_VT.uasset" 225
"../../../Engine/Content/EngineMaterials/FlattenMaterial_WS_Normal_VT.uexp" 226
"../../../Engine/Content/EngineMaterials/FlattenMaterial_VT.uasset" 227
"../../../Engine/Content/EngineMaterials/FlattenMaterial_VT.uexp" 228
"../../../Engine/Content/EngineMaterials/BaseFlattenNormalMap.uasset" 229
"../../../Engine/Content/EngineMaterials/BaseFlattenNormalMap.uexp" 230
"../../../Engine/Content/EngineMaterials/BaseFlattenGrayscaleMap.uasset" 231
"../../../Engine/Content/EngineMaterials/BaseFlattenGrayscaleMap.uexp" 232
"../../../Engine/Content/EngineMaterials/BaseFlattenDiffuseMap.uasset" 233
"../../../Engine/Content/EngineMaterials/BaseFlattenDiffuseMap.uexp" 234
"../../../Engine/Content/Functions/Engine_MaterialFunctions02/PivotPainter2/Black_1x1_EXR_Texture.uasset" 235
"../../../Engine/Content/Functions/Engine_MaterialFunctions02/PivotPainter2/Black_1x1_EXR_Texture.uexp" 236
"../../../Engine/Content/EngineMaterials/BaseFlattenEmissiveMap.uasset" 237
"../../../Engine/Content/EngineMaterials/BaseFlattenEmissiveMap.uexp" 238
"../../../Engine/Content/EngineMaterials/BaseFlattenLinearColor.uasset" 239
"../../../Engine/Content/EngineMaterials/BaseFlattenLinearColor.uexp" 240
"../../../Engine/Content/EngineMaterials/FlattenMaterial.uasset" 241
"../../../Engine/Content/EngineMaterials/FlattenMaterial.uexp" 242
"../../../Engine/Content/EngineMaterials/DefaultWhiteGrid_Low.uasset" 243
"../../../Engine/Content/EngineMaterials/DefaultWhiteGrid_Low.uexp" 244
"../../../Engine/Content/EngineMaterials/EmissiveMeshMaterial.uasset" 245
"../../../Engine/Content/EngineMaterials/EmissiveMeshMaterial.uexp" 246
"../../../Engine/Content/EngineMaterials/DefaultWhiteGrid.ubulk" 247
"../../../Engine/Content/EngineMaterials/DefaultWhiteGrid.uasset" 248
"../../../Engine/Content/EngineMaterials/DefaultWhiteGrid.uexp" 249
"../../../Engine/Content/EngineFonts/RobotoDistanceField.uasset" 250
"../../../Engine/Content/EngineFonts/RobotoDistanceField.uexp" 251
"../../../Engine/Content/EngineMaterials/DefaultTextMaterialOpaque.uasset" 252
"../../../Engine/Content/EngineMaterials/DefaultTextMaterialOpaque.uexp" 253
"../../../Engine/Content/EngineMaterials/DefaultDiffuse.ubulk" 254
"../../../Engine/Content/EngineMaterials/DefaultDiffuse.uasset" 255
"../../../Engine/Content/EngineMaterials/DefaultDiffuse.uexp" 256
"../../../Engine/Content/Functions/Engine_MaterialFunctions02/Utility/BreakOutFloat2Components.uasset" 257
"../../../Engine/Content/Functions/Engine_MaterialFunctions02/Utility/BreakOutFloat2Components.uexp" 258
"../../../Engine/Content/EngineMaterials/DefaultPostProcessMaterial.uasset" 259
"../../../Engine/Content/EngineMaterials/DefaultPostProcessMaterial.uexp" 260
"../../../Engine/Content/EngineMaterials/DefaultPhysicalMaterial.uasset" 261
"../../../Engine/Content/EngineMaterials/DefaultPhysicalMaterial.uexp" 262
"../../../Engine/Content/EngineMaterials/DefaultLightFunctionMaterial.uasset" 263
"../../../Engine/Content/EngineMaterials/DefaultLightFunctionMaterial.uexp" 264
"../../../Engine/Content/EngineMaterials/DefaultDestructiblePhysicalMaterial.uasset" 265
"../../../Engine/Content/EngineMaterials/DefaultDestructiblePhysicalMaterial.uexp" 266
"../../../Engine/Content/EngineMaterials/DefaultDeferredDecalMaterial.uasset" 267
"../../../Engine/Content/EngineMaterials/DefaultDeferredDecalMaterial.uexp" 268
"../../../Engine/Content/EngineMaterials/DefaultBokeh.uasset" 269
"../../../Engine/Content/EngineMaterials/DefaultBokeh.uexp" 270
"../../../Engine/Content/EngineMaterials/DefaultBloomKernel.uasset" 271
"../../../Engine/Content/EngineMaterials/DefaultBloomKernel.uexp" 272
"../../../Engine/Content/EngineMaterials/BlueNoise.uasset" 273
"../../../Engine/Content/EngineMaterials/BlueNoise.uexp" 274
"../../../Engine/Content/EngineResources/GradientTexture0.uasset" 275
"../../../Engine/Content/EngineResources/GradientTexture0.uexp" 276
"../../../Engine/Content/EngineResources/DefaultVolumeTexture2D.uasset" 277
"../../../Engine/Content/EngineResources/DefaultVolumeTexture2D.uexp" 278
"../../../Engine/Content/EngineResources/DefaultVolumeTexture.uasset" 279
"../../../Engine/Content/EngineResources/DefaultVolumeTexture.uexp" 280
"../../../Engine/Content/EngineResources/DefaultTextureCube.uasset" 281
"../../../Engine/Content/EngineResources/DefaultTextureCube.uexp" 282
"../../../Engine/Content/EngineResources/DefaultTexture.ubulk" 283
"../../../Engine/Content/EngineResources/DefaultTexture.uasset" 284
"../../../Engine/Content/EngineResources/DefaultTexture.uexp" 285
"../../../Engine/Content/EngineResources/Black.uasset" 286
"../../../Engine/Content/EngineResources/Black.uexp" 287
"../../../Engine/Content/EngineResources/FilmGrains/Marcie_Grain_v3_128_M2_000.uasset" 288
"../../../Engine/Content/EngineResources/FilmGrains/Marcie_Grain_v3_128_M2_000.uexp" 289
"../../../Engine/Content/EngineSky/VolumetricClouds/CloudWeatherTexture.uasset" 290
"../../../Engine/Content/EngineSky/VolumetricClouds/CloudWeatherTexture.uexp" 291
"../../../Engine/Content/Functions/Engine_MaterialFunctions02/Utility/MakeFloat2.uasset" 292
"../../../Engine/Content/Functions/Engine_MaterialFunctions02/Utility/MakeFloat2.uexp" 293
"../../../Engine/Content/EngineSky/VolumetricClouds/CloudGradientTexture.uasset" 294
"../../../Engine/Content/EngineSky/VolumetricClouds/CloudGradientTexture.uexp" 295
"../../../Engine/Content/EngineSky/VolumetricClouds/T_NoiseShape64.ubulk" 296
"../../../Engine/Content/EngineSky/VolumetricClouds/T_NoiseShape64.uasset" 297
"../../../Engine/Content/EngineSky/VolumetricClouds/T_NoiseShape64.uexp" 298
"../../../Engine/Content/EngineSky/VolumetricClouds/T_VolumeNoiseShape64.uasset" 299
"../../../Engine/Content/EngineSky/VolumetricClouds/T_VolumeNoiseShape64.uexp" 300
"../../../Engine/Content/EngineSky/VolumetricClouds/T_NoiseErosion.ubulk" 301
"../../../Engine/Content/EngineSky/VolumetricClouds/T_NoiseErosion.uasset" 302
"../../../Engine/Content/EngineSky/VolumetricClouds/T_NoiseErosion.uexp" 303
"../../../Engine/Content/EngineSky/VolumetricClouds/T_VolumeNoiseErosion32.uasset" 304
"../../../Engine/Content/EngineSky/VolumetricClouds/T_VolumeNoiseErosion32.uexp" 305
"../../../Engine/Content/EngineSky/VolumetricClouds/m_SimpleVolumetricCloud.uasset" 306
"../../../Engine/Content/EngineSky/VolumetricClouds/m_SimpleVolumetricCloud.uexp" 307
"../../../Engine/Content/EngineSky/VolumetricClouds/m_SimpleVolumetricCloud_Inst.uasset" 308
"../../../Engine/Content/EngineSky/VolumetricClouds/m_SimpleVolumetricCloud_Inst.uexp" 309
"../../../Engine/Content/EngineSounds/Master.uasset" 310
"../../../Engine/Content/EngineSounds/Master.uexp" 311
"../../../Engine/Content/Functions/Engine_MaterialFunctions01/Shading/PowerToRoughness.uasset" 312
"../../../Engine/Content/Functions/Engine_MaterialFunctions01/Shading/PowerToRoughness.uexp" 313
"../../../Engine/Content/Functions/Engine_MaterialFunctions01/Shading/ConvertFromDiffSpec.uasset" 314
"../../../Engine/Content/Functions/Engine_MaterialFunctions01/Shading/ConvertFromDiffSpec.uexp" 315
"../../../Engine/Content/MobileResources/HUD/VirtualJoystick_Background.uasset" 316
"../../../Engine/Content/MobileResources/HUD/VirtualJoystick_Background.uexp" 317
"../../../Engine/Content/MobileResources/HUD/VirtualJoystick_Thumb.uasset" 318
"../../../Engine/Content/MobileResources/HUD/VirtualJoystick_Thumb.uexp" 319
"../../../Engine/Content/MobileResources/HUD/DefaultVirtualJoysticks.uasset" 320
"../../../Engine/Content/MobileResources/HUD/DefaultVirtualJoysticks.uexp" 321
"../../../Engine/Content/Tutorial/ContentIntroCurve.uasset" 322
"../../../Engine/Content/Tutorial/ContentIntroCurve.uexp" 323
"../../../Engine/Content/VREditor/TransformGizmo/Main.uasset" 324
"../../../Engine/Content/VREditor/TransformGizmo/Main.uexp" 325
"../../../Engine/Content/VREditor/TransformGizmo/Xray.uasset" 326
"../../../Engine/Content/VREditor/TransformGizmo/Xray.uexp" 327
"../../../Engine/Content/VREditor/TransformGizmo/SM_Sequencer_Node.ubulk" 328
"../../../Engine/Content/VREditor/TransformGizmo/SM_Sequencer_Node.uasset" 329
"../../../Engine/Content/VREditor/TransformGizmo/SM_Sequencer_Node.uexp" 330
"../../../Engine/Content/VREditor/LaserPointer/VR_LaserPower_01.ubulk" 331
"../../../Engine/Content/VREditor/LaserPointer/VR_LaserPower_01.uasset" 332
"../../../Engine/Content/VREditor/LaserPointer/VR_LaserPower_01.uexp" 333
"../../../Engine/Content/VREditor/TransformGizmo/TransformGizmoMaterial.uasset" 334
"../../../Engine/Content/VREditor/TransformGizmo/TransformGizmoMaterial.uexp" 335
"../../../Engine/Content/VREditor/TransformGizmo/TranslucentTransformGizmoMaterial.uasset" 336
"../../../Engine/Content/VREditor/TransformGizmo/TranslucentTransformGizmoMaterial.uexp" 337
"../../../Engine/Content/VREditor/TransformGizmo/PlaneTranslationHandle.ubulk" 338
"../../../Engine/Content/VREditor/TransformGizmo/PlaneTranslationHandle.uasset" 339
"../../../Engine/Content/VREditor/TransformGizmo/PlaneTranslationHandle.uexp" 340
"../../../Engine/Content/VREditor/TransformGizmo/BoundingBoxEdge.ubulk" 341
"../../../Engine/Content/VREditor/TransformGizmo/BoundingBoxEdge.uasset" 342
"../../../Engine/Content/VREditor/TransformGizmo/BoundingBoxEdge.uexp" 343
"../../../Engine/Content/VREditor/TransformGizmo/BoundingBoxCorner.ubulk" 344
"../../../Engine/Content/VREditor/TransformGizmo/BoundingBoxCorner.uasset" 345
"../../../Engine/Content/VREditor/TransformGizmo/BoundingBoxCorner.uexp" 346
"../../../Engine/Plugins/2D/Paper2D/Content/PlaceholderTextures/DummySpriteTexture.ubulk" 347
"../../../Engine/Plugins/2D/Paper2D/Content/PlaceholderTextures/DummySpriteTexture.uasset" 348
"../../../Engine/Plugins/2D/Paper2D/Content/PlaceholderTextures/DummySpriteTexture.uexp" 349
"../../../Engine/Plugins/2D/Paper2D/Content/DefaultSpriteMaterial.uasset" 350
"../../../Engine/Plugins/2D/Paper2D/Content/DefaultSpriteMaterial.uexp" 351
"../../../Engine/Plugins/2D/Paper2D/Content/OpaqueUnlitSpriteMaterial.uasset" 352
"../../../Engine/Plugins/2D/Paper2D/Content/OpaqueUnlitSpriteMaterial.uexp" 353
"../../../Engine/Plugins/2D/Paper2D/Content/MaskedUnlitSpriteMaterial.uasset" 354
"../../../Engine/Plugins/2D/Paper2D/Content/MaskedUnlitSpriteMaterial.uexp" 355
"../../../Engine/Plugins/2D/Paper2D/Content/DummySprite.uasset" 356
"../../../Engine/Plugins/2D/Paper2D/Content/DummySprite.uexp" 357
"../../../Engine/Plugins/2D/Paper2D/Content/DefaultPaperTerrainMaterial.uasset" 358
"../../../Engine/Plugins/2D/Paper2D/Content/DefaultPaperTerrainMaterial.uexp" 359
"../../../Engine/Plugins/Animation/ControlRig/Content/M_Manip.uasset" 360
"../../../Engine/Plugins/Animation/ControlRig/Content/M_Manip.uexp" 361
"../../../Engine/Plugins/Animation/ControlRig/Content/Controls/DefaultGizmoLibraryNormalized.uasset" 362
"../../../Engine/Plugins/Animation/ControlRig/Content/Controls/DefaultGizmoLibraryNormalized.uexp" 363
"../../../Engine/Plugins/Animation/ControlRig/Content/Controls/ControlRig_Wedge_solid.ubulk" 364
"../../../Engine/Plugins/Animation/ControlRig/Content/Controls/ControlRig_Wedge_solid.uasset" 365
"../../../Engine/Plugins/Animation/ControlRig/Content/Controls/ControlRig_Wedge_solid.uexp" 366
"../../../Engine/Plugins/Animation/ControlRig/Content/Controls/ControlRig_Wedge_3mm.ubulk" 367
"../../../Engine/Plugins/Animation/ControlRig/Content/Controls/ControlRig_Wedge_3mm.uasset" 368
"../../../Engine/Plugins/Animation/ControlRig/Content/Controls/ControlRig_Wedge_3mm.uexp" 369
"../../../Engine/Plugins/Animation/ControlRig/Content/Controls/ControlRig_Wedge_1mm.ubulk" 370
"../../../Engine/Plugins/Animation/ControlRig/Content/Controls/ControlRig_Wedge_1mm.uasset" 371
"../../../Engine/Plugins/Animation/ControlRig/Content/Controls/ControlRig_Wedge_1mm.uexp" 372
"../../../Engine/Plugins/Animation/ControlRig/Content/Controls/ControlRig_Triangle_solid.ubulk" 373
"../../../Engine/Plugins/Animation/ControlRig/Content/Controls/ControlRig_Triangle_solid.uasset" 374
"../../../Engine/Plugins/Animation/ControlRig/Content/Controls/ControlRig_Triangle_solid.uexp" 375
"../../../Engine/Plugins/Animation/ControlRig/Content/Controls/ControlRig_Triangle_3mm.ubulk" 376
"../../../Engine/Plugins/Animation/ControlRig/Content/Controls/ControlRig_Triangle_3mm.uasset" 377
"../../../Engine/Plugins/Animation/ControlRig/Content/Controls/ControlRig_Triangle_3mm.uexp" 378
"../../../Engine/Plugins/Animation/ControlRig/Content/Controls/ControlRig_Triangle_1mm.ubulk" 379
"../../../Engine/Plugins/Animation/ControlRig/Content/Controls/ControlRig_Triangle_1mm.uasset" 380
"../../../Engine/Plugins/Animation/ControlRig/Content/Controls/ControlRig_Triangle_1mm.uexp" 381
"../../../Engine/Plugins/Animation/ControlRig/Content/Controls/ControlRig_Star4_solid.ubulk" 382
"../../../Engine/Plugins/Animation/ControlRig/Content/Controls/ControlRig_Star4_solid.uasset" 383
"../../../Engine/Plugins/Animation/ControlRig/Content/Controls/ControlRig_Star4_solid.uexp" 384
"../../../Engine/Plugins/Animation/ControlRig/Content/Controls/ControlRig_Star4_3mm.ubulk" 385
"../../../Engine/Plugins/Animation/ControlRig/Content/Controls/ControlRig_Star4_3mm.uasset" 386
"../../../Engine/Plugins/Animation/ControlRig/Content/Controls/ControlRig_Star4_3mm.uexp" 387
"../../../Engine/Plugins/Animation/ControlRig/Content/Controls/ControlRig_Star4_1mm.ubulk" 388
"../../../Engine/Plugins/Animation/ControlRig/Content/Controls/ControlRig_Star4_1mm.uasset" 389
"../../../Engine/Plugins/Animation/ControlRig/Content/Controls/ControlRig_Star4_1mm.uexp" 390
"../../../Engine/Plugins/Animation/ControlRig/Content/Controls/ControlRig_Square_solid.ubulk" 391
"../../../Engine/Plugins/Animation/ControlRig/Content/Controls/ControlRig_Square_solid.uasset" 392
"../../../Engine/Plugins/Animation/ControlRig/Content/Controls/ControlRig_Square_solid.uexp" 393
"../../../Engine/Plugins/Animation/ControlRig/Content/Controls/ControlRig_Square_3mm.ubulk" 394
"../../../Engine/Plugins/Animation/ControlRig/Content/Controls/ControlRig_Square_3mm.uasset" 395
"../../../Engine/Plugins/Animation/ControlRig/Content/Controls/ControlRig_Square_3mm.uexp" 396
"../../../Engine/Plugins/Animation/ControlRig/Content/Controls/ControlRig_Square_1mm.ubulk" 397
"../../../Engine/Plugins/Animation/ControlRig/Content/Controls/ControlRig_Square_1mm.uasset" 398
"../../../Engine/Plugins/Animation/ControlRig/Content/Controls/ControlRig_Square_1mm.uexp" 399
"../../../Engine/Plugins/Animation/ControlRig/Content/Controls/ControlRig_Sphere_solid.ubulk" 400
"../../../Engine/Plugins/Animation/ControlRig/Content/Controls/ControlRig_Sphere_solid.uasset" 401
"../../../Engine/Plugins/Animation/ControlRig/Content/Controls/ControlRig_Sphere_solid.uexp" 402
"../../../Engine/Plugins/Animation/ControlRig/Content/Controls/ControlRig_Sphere_3mm.ubulk" 403
"../../../Engine/Plugins/Animation/ControlRig/Content/Controls/ControlRig_Sphere_3mm.uasset" 404
"../../../Engine/Plugins/Animation/ControlRig/Content/Controls/ControlRig_Sphere_3mm.uexp" 405
"../../../Engine/Plugins/Animation/ControlRig/Content/Controls/ControlRig_Sphere_1mm.ubulk" 406
"../../../Engine/Plugins/Animation/ControlRig/Content/Controls/ControlRig_Sphere_1mm.uasset" 407
"../../../Engine/Plugins/Animation/ControlRig/Content/Controls/ControlRig_Sphere_1mm.uexp" 408
"../../../Engine/Plugins/Animation/ControlRig/Content/Controls/ControlRig_RoundedTriangle_solid.ubulk" 409
"../../../Engine/Plugins/Animation/ControlRig/Content/Controls/ControlRig_RoundedTriangle_solid.uasset" 410
"../../../Engine/Plugins/Animation/ControlRig/Content/Controls/ControlRig_RoundedTriangle_solid.uexp" 411
"../../../Engine/Plugins/Animation/ControlRig/Content/Controls/ControlRig_RoundedTriangle_3mm.ubulk" 412
"../../../Engine/Plugins/Animation/ControlRig/Content/Controls/ControlRig_RoundedTriangle_3mm.uasset" 413
"../../../Engine/Plugins/Animation/ControlRig/Content/Controls/ControlRig_RoundedTriangle_3mm.uexp" 414
"../../../Engine/Plugins/Animation/ControlRig/Content/Controls/ControlRig_RoundedTriangle_1mm.ubulk" 415
"../../../Engine/Plugins/Animation/ControlRig/Content/Controls/ControlRig_RoundedTriangle_1mm.uasset" 416
"../../../Engine/Plugins/Animation/ControlRig/Content/Controls/ControlRig_RoundedTriangle_1mm.uexp" 417
"../../../Engine/Plugins/Animation/ControlRig/Content/Controls/ControlRig_RoundedSquare_solid.ubulk" 418
"../../../Engine/Plugins/Animation/ControlRig/Content/Controls/ControlRig_RoundedSquare_solid.uasset" 419
"../../../Engine/Plugins/Animation/ControlRig/Content/Controls/ControlRig_RoundedSquare_solid.uexp" 420
"../../../Engine/Plugins/Animation/ControlRig/Content/Controls/ControlRig_RoundedSquare_3mm.ubulk" 421
"../../../Engine/Plugins/Animation/ControlRig/Content/Controls/ControlRig_RoundedSquare_3mm.uasset" 422
"../../../Engine/Plugins/Animation/ControlRig/Content/Controls/ControlRig_RoundedSquare_3mm.uexp" 423
"../../../Engine/Plugins/Animation/ControlRig/Content/Controls/ControlRig_RoundedSquare_1mm.ubulk" 424
"../../../Engine/Plugins/Animation/ControlRig/Content/Controls/ControlRig_RoundedSquare_1mm.uasset" 425
"../../../Engine/Plugins/Animation/ControlRig/Content/Controls/ControlRig_RoundedSquare_1mm.uexp" 426
"../../../Engine/Plugins/Animation/ControlRig/Content/Controls/ControlRig_QuarterCircle_solid.ubulk" 427
"../../../Engine/Plugins/Animation/ControlRig/Content/Controls/ControlRig_QuarterCircle_solid.uasset" 428
"../../../Engine/Plugins/Animation/ControlRig/Content/Controls/ControlRig_QuarterCircle_solid.uexp" 429
"../../../Engine/Plugins/Animation/ControlRig/Content/Controls/ControlRig_QuarterCircle_3mm.ubulk" 430
"../../../Engine/Plugins/Animation/ControlRig/Content/Controls/ControlRig_QuarterCircle_3mm.uasset" 431
"../../../Engine/Plugins/Animation/ControlRig/Content/Controls/ControlRig_QuarterCircle_3mm.uexp" 432
"../../../Engine/Plugins/Animation/ControlRig/Content/Controls/ControlRig_QuarterCircle_1mm.ubulk" 433
"../../../Engine/Plugins/Animation/ControlRig/Content/Controls/ControlRig_QuarterCircle_1mm.uasset" 434
"../../../Engine/Plugins/Animation/ControlRig/Content/Controls/ControlRig_QuarterCircle_1mm.uexp" 435
"../../../Engine/Plugins/Animation/ControlRig/Content/Controls/ControlRig_Pyramid_solid.ubulk" 436
"../../../Engine/Plugins/Animation/ControlRig/Content/Controls/ControlRig_Pyramid_solid.uasset" 437
"../../../Engine/Plugins/Animation/ControlRig/Content/Controls/ControlRig_Pyramid_solid.uexp" 438
"../../../Engine/Plugins/Animation/ControlRig/Content/Controls/ControlRig_Pyramid_3mm.ubulk" 439
"../../../Engine/Plugins/Animation/ControlRig/Content/Controls/ControlRig_Pyramid_3mm.uasset" 440
"../../../Engine/Plugins/Animation/ControlRig/Content/Controls/ControlRig_Pyramid_3mm.uexp" 441
"../../../Engine/Plugins/Animation/ControlRig/Content/Controls/ControlRig_Pyramid_1mm.ubulk" 442
"../../../Engine/Plugins/Animation/ControlRig/Content/Controls/ControlRig_Pyramid_1mm.uasset" 443
"../../../Engine/Plugins/Animation/ControlRig/Content/Controls/ControlRig_Pyramid_1mm.uexp" 444
"../../../Engine/Plugins/Animation/ControlRig/Content/Controls/ControlRig_Octagon_solid.ubulk" 445
"../../../Engine/Plugins/Animation/ControlRig/Content/Controls/ControlRig_Octagon_solid.uasset" 446
"../../../Engine/Plugins/Animation/ControlRig/Content/Controls/ControlRig_Octagon_solid.uexp" 447
"../../../Engine/Plugins/Animation/ControlRig/Content/Controls/ControlRig_Octagon_3mm.ubulk" 448
"../../../Engine/Plugins/Animation/ControlRig/Content/Controls/ControlRig_Octagon_3mm.uasset" 449
"../../../Engine/Plugins/Animation/ControlRig/Content/Controls/ControlRig_Octagon_3mm.uexp" 450
"../../../Engine/Plugins/Animation/ControlRig/Content/Controls/ControlRig_Octagon_1mm.ubulk" 451
"../../../Engine/Plugins/Animation/ControlRig/Content/Controls/ControlRig_Octagon_1mm.uasset" 452
"../../../Engine/Plugins/Animation/ControlRig/Content/Controls/ControlRig_Octagon_1mm.uexp" 453
"../../../Engine/Plugins/Animation/ControlRig/Content/Controls/ControlRig_Hexagon_solid.ubulk" 454
"../../../Engine/Plugins/Animation/ControlRig/Content/Controls/ControlRig_Hexagon_solid.uasset" 455
"../../../Engine/Plugins/Animation/ControlRig/Content/Controls/ControlRig_Hexagon_solid.uexp" 456
"../../../Engine/Plugins/Animation/ControlRig/Content/Controls/ControlRig_Hexagon_3mm.ubulk" 457
"../../../Engine/Plugins/Animation/ControlRig/Content/Controls/ControlRig_Hexagon_3mm.uasset" 458
"../../../Engine/Plugins/Animation/ControlRig/Content/Controls/ControlRig_Hexagon_3mm.uexp" 459
"../../../Engine/Plugins/Animation/ControlRig/Content/Controls/ControlRig_Hexagon_1mm.ubulk" 460
"../../../Engine/Plugins/Animation/ControlRig/Content/Controls/ControlRig_Hexagon_1mm.uasset" 461
"../../../Engine/Plugins/Animation/ControlRig/Content/Controls/ControlRig_Hexagon_1mm.uexp" 462
"../../../Engine/Plugins/Animation/ControlRig/Content/Controls/ControlRig_HalfCircle_solid.ubulk" 463
"../../../Engine/Plugins/Animation/ControlRig/Content/Controls/ControlRig_HalfCircle_solid.uasset" 464
"../../../Engine/Plugins/Animation/ControlRig/Content/Controls/ControlRig_HalfCircle_solid.uexp" 465
"../../../Engine/Plugins/Animation/ControlRig/Content/Controls/ControlRig_HalfCircle_3mm.ubulk" 466
"../../../Engine/Plugins/Animation/ControlRig/Content/Controls/ControlRig_HalfCircle_3mm.uasset" 467
"../../../Engine/Plugins/Animation/ControlRig/Content/Controls/ControlRig_HalfCircle_3mm.uexp" 468
"../../../Engine/Plugins/Animation/ControlRig/Content/Controls/ControlRig_HalfCircle_1mm.ubulk" 469
"../../../Engine/Plugins/Animation/ControlRig/Content/Controls/ControlRig_HalfCircle_1mm.uasset" 470
"../../../Engine/Plugins/Animation/ControlRig/Content/Controls/ControlRig_HalfCircle_1mm.uexp" 471
"../../../Engine/Plugins/Animation/ControlRig/Content/Controls/ControlRig_Diamond_solid.ubulk" 472
"../../../Engine/Plugins/Animation/ControlRig/Content/Controls/ControlRig_Diamond_solid.uasset" 473
"../../../Engine/Plugins/Animation/ControlRig/Content/Controls/ControlRig_Diamond_solid.uexp" 474
"../../../Engine/Plugins/Animation/ControlRig/Content/Controls/ControlRig_Diamond_3mm.ubulk" 475
"../../../Engine/Plugins/Animation/ControlRig/Content/Controls/ControlRig_Diamond_3mm.uasset" 476
"../../../Engine/Plugins/Animation/ControlRig/Content/Controls/ControlRig_Diamond_3mm.uexp" 477
"../../../Engine/Plugins/Animation/ControlRig/Content/Controls/ControlRig_Diamond_1mm.ubulk" 478
"../../../Engine/Plugins/Animation/ControlRig/Content/Controls/ControlRig_Diamond_1mm.uasset" 479
"../../../Engine/Plugins/Animation/ControlRig/Content/Controls/ControlRig_Diamond_1mm.uexp" 480
"../../../Engine/Plugins/Animation/ControlRig/Content/Controls/ControlRig_Circle_solid.ubulk" 481
"../../../Engine/Plugins/Animation/ControlRig/Content/Controls/ControlRig_Circle_solid.uasset" 482
"../../../Engine/Plugins/Animation/ControlRig/Content/Controls/ControlRig_Circle_solid.uexp" 483
"../../../Engine/Plugins/Animation/ControlRig/Content/Controls/ControlRig_Circle_3mm.ubulk" 484
"../../../Engine/Plugins/Animation/ControlRig/Content/Controls/ControlRig_Circle_3mm.uasset" 485
"../../../Engine/Plugins/Animation/ControlRig/Content/Controls/ControlRig_Circle_3mm.uexp" 486
"../../../Engine/Plugins/Animation/ControlRig/Content/Controls/ControlRig_Circle_1mm.ubulk" 487
"../../../Engine/Plugins/Animation/ControlRig/Content/Controls/ControlRig_Circle_1mm.uasset" 488
"../../../Engine/Plugins/Animation/ControlRig/Content/Controls/ControlRig_Circle_1mm.uexp" 489
"../../../Engine/Plugins/Animation/ControlRig/Content/Controls/ControlRig_Box_solid.ubulk" 490
"../../../Engine/Plugins/Animation/ControlRig/Content/Controls/ControlRig_Box_solid.uasset" 491
"../../../Engine/Plugins/Animation/ControlRig/Content/Controls/ControlRig_Box_solid.uexp" 492
"../../../Engine/Plugins/Animation/ControlRig/Content/Controls/ControlRig_Box_3mm.ubulk" 493
"../../../Engine/Plugins/Animation/ControlRig/Content/Controls/ControlRig_Box_3mm.uasset" 494
"../../../Engine/Plugins/Animation/ControlRig/Content/Controls/ControlRig_Box_3mm.uexp" 495
"../../../Engine/Plugins/Animation/ControlRig/Content/Controls/ControlRig_Box_1mm.ubulk" 496
"../../../Engine/Plugins/Animation/ControlRig/Content/Controls/ControlRig_Box_1mm.uasset" 497
"../../../Engine/Plugins/Animation/ControlRig/Content/Controls/ControlRig_Box_1mm.uexp" 498
"../../../Engine/Plugins/Animation/ControlRig/Content/Controls/ControlRig_Arrow_solid.ubulk" 499
"../../../Engine/Plugins/Animation/ControlRig/Content/Controls/ControlRig_Arrow_solid.uasset" 500
"../../../Engine/Plugins/Animation/ControlRig/Content/Controls/ControlRig_Arrow_solid.uexp" 501
"../../../Engine/Plugins/Animation/ControlRig/Content/Controls/ControlRig_Arrow_3mm.ubulk" 502
"../../../Engine/Plugins/Animation/ControlRig/Content/Controls/ControlRig_Arrow_3mm.uasset" 503
"../../../Engine/Plugins/Animation/ControlRig/Content/Controls/ControlRig_Arrow_3mm.uexp" 504
"../../../Engine/Plugins/Animation/ControlRig/Content/Controls/ControlRig_Arrow_1mm.ubulk" 505
"../../../Engine/Plugins/Animation/ControlRig/Content/Controls/ControlRig_Arrow_1mm.uasset" 506
"../../../Engine/Plugins/Animation/ControlRig/Content/Controls/ControlRig_Arrow_1mm.uexp" 507
"../../../Engine/Plugins/Animation/ControlRig/Content/Controls/ControlRig_Arrow4_solid.ubulk" 508
"../../../Engine/Plugins/Animation/ControlRig/Content/Controls/ControlRig_Arrow4_solid.uasset" 509
"../../../Engine/Plugins/Animation/ControlRig/Content/Controls/ControlRig_Arrow4_solid.uexp" 510
"../../../Engine/Plugins/Animation/ControlRig/Content/Controls/ControlRig_Arrow4_3mm.ubulk" 511
"../../../Engine/Plugins/Animation/ControlRig/Content/Controls/ControlRig_Arrow4_3mm.uasset" 512
"../../../Engine/Plugins/Animation/ControlRig/Content/Controls/ControlRig_Arrow4_3mm.uexp" 513
"../../../Engine/Plugins/Animation/ControlRig/Content/Controls/ControlRig_Arrow4_1mm.ubulk" 514
"../../../Engine/Plugins/Animation/ControlRig/Content/Controls/ControlRig_Arrow4_1mm.uasset" 515
"../../../Engine/Plugins/Animation/ControlRig/Content/Controls/ControlRig_Arrow4_1mm.uexp" 516
"../../../Engine/Plugins/Animation/ControlRig/Content/Controls/ControlRig_Arrow2_solid.ubulk" 517
"../../../Engine/Plugins/Animation/ControlRig/Content/Controls/ControlRig_Arrow2_solid.uasset" 518
"../../../Engine/Plugins/Animation/ControlRig/Content/Controls/ControlRig_Arrow2_solid.uexp" 519
"../../../Engine/Plugins/Animation/ControlRig/Content/Controls/ControlRig_Arrow2_3mm.ubulk" 520
"../../../Engine/Plugins/Animation/ControlRig/Content/Controls/ControlRig_Arrow2_3mm.uasset" 521
"../../../Engine/Plugins/Animation/ControlRig/Content/Controls/ControlRig_Arrow2_3mm.uexp" 522
"../../../Engine/Plugins/Animation/ControlRig/Content/Controls/ControlRig_Arrow2_1mm.ubulk" 523
"../../../Engine/Plugins/Animation/ControlRig/Content/Controls/ControlRig_Arrow2_1mm.uasset" 524
"../../../Engine/Plugins/Animation/ControlRig/Content/Controls/ControlRig_Arrow2_1mm.uexp" 525
"../../../Engine/Plugins/Animation/ControlRig/Content/Controls/ControlRigGizmoMaterial.uasset" 526
"../../../Engine/Plugins/Animation/ControlRig/Content/Controls/ControlRigGizmoMaterial.uexp" 527
"../../../Engine/Plugins/Editor/SpeedTreeImporter/Content/SpeedTree9/game_wind_noise.ubulk" 528
"../../../Engine/Plugins/Editor/SpeedTreeImporter/Content/SpeedTree9/game_wind_noise.uasset" 529
"../../../Engine/Plugins/Editor/SpeedTreeImporter/Content/SpeedTree9/game_wind_noise.uexp" 530
"../../../Engine/Plugins/Editor/SpeedTreeImporter/Content/SpeedTree9/UnpackDirection.uasset" 531
"../../../Engine/Plugins/Editor/SpeedTreeImporter/Content/SpeedTree9/UnpackDirection.uexp" 532
"../../../Engine/Content/Functions/Engine_MaterialFunctions02/ObjectLocalBounds.uasset" 533
"../../../Engine/Content/Functions/Engine_MaterialFunctions02/ObjectLocalBounds.uexp" 534
"../../../Engine/Content/Functions/Engine_MaterialFunctions02/UVs/BoundingBoxBased_0-1_UVW.uasset" 535
"../../../Engine/Content/Functions/Engine_MaterialFunctions02/UVs/BoundingBoxBased_0-1_UVW.uexp" 536
"../../../Engine/Content/Functions/Engine_MaterialFunctions02/Utility/VectorLength.uasset" 537
"../../../Engine/Content/Functions/Engine_MaterialFunctions02/Utility/VectorLength.uexp" 538
"../../../Engine/Plugins/Editor/SpeedTreeImporter/Content/SpeedTree9/UnpackInteger3.uasset" 539
"../../../Engine/Plugins/Editor/SpeedTreeImporter/Content/SpeedTree9/UnpackInteger3.uexp" 540
"../../../Engine/Plugins/Editor/SpeedTreeImporter/Content/SpeedTree9/SpeedTreeCameraFacing.uasset" 541
"../../../Engine/Plugins/Editor/SpeedTreeImporter/Content/SpeedTree9/SpeedTreeCameraFacing.uexp" 542
"../../../Engine/Content/Functions/Engine_MaterialFunctions02/WorldPositionOffset/ObjectScale.uasset" 543
"../../../Engine/Content/Functions/Engine_MaterialFunctions02/WorldPositionOffset/ObjectScale.uexp" 544
"../../../Engine/Content/Functions/Engine_MaterialFunctions02/SafeNormalize.uasset" 545
"../../../Engine/Content/Functions/Engine_MaterialFunctions02/SafeNormalize.uexp" 546
"../../../Engine/Plugins/Editor/SpeedTreeImporter/Content/SpeedTree9/SpeedTreeWindMotion.uasset" 547
"../../../Engine/Plugins/Editor/SpeedTreeImporter/Content/SpeedTree9/SpeedTreeWindMotion.uexp" 548
"../../../Engine/Plugins/Editor/SpeedTreeImporter/Content/SpeedTree9/SpeedTreeBranchMotion.uasset" 549
"../../../Engine/Plugins/Editor/SpeedTreeImporter/Content/SpeedTree9/SpeedTreeBranchMotion.uexp" 550
"../../../Engine/Plugins/Editor/SpeedTreeImporter/Content/SpeedTree9/SpeedTreeWind.uasset" 551
"../../../Engine/Plugins/Editor/SpeedTreeImporter/Content/SpeedTree9/SpeedTreeWind.uexp" 552
"../../../Engine/Plugins/Editor/SpeedTreeImporter/Content/SpeedTree9/EmptyNormal.uasset" 553
"../../../Engine/Plugins/Editor/SpeedTreeImporter/Content/SpeedTree9/EmptyNormal.uexp" 554
"../../../Engine/Plugins/Editor/SpeedTreeImporter/Content/SpeedTree9/Empty.uasset" 555
"../../../Engine/Plugins/Editor/SpeedTreeImporter/Content/SpeedTree9/Empty.uexp" 556
"../../../Engine/Plugins/Editor/SpeedTreeImporter/Content/SpeedTree9/SpeedTreeMaster.uasset" 557
"../../../Engine/Plugins/Editor/SpeedTreeImporter/Content/SpeedTree9/SpeedTreeMaster.uexp" 558
"../../../Engine/Plugins/Editor/SpeedTreeImporter/Content/SpeedTree9/SpeedTreeBillboard.uasset" 559
"../../../Engine/Plugins/Editor/SpeedTreeImporter/Content/SpeedTree9/SpeedTreeBillboard.uexp" 560
"../../../Engine/Plugins/Editor/SpeedTreeImporter/Content/SpeedTree9/SpeedTreeBillboardMaster.uasset" 561
"../../../Engine/Plugins/Editor/SpeedTreeImporter/Content/SpeedTree9/SpeedTreeBillboardMaster.uexp" 562
"../../../Engine/Plugins/Runtime/HairStrands/Content/Materials/HairMeshesDefaultMaterial.uasset" 563
"../../../Engine/Plugins/Runtime/HairStrands/Content/Materials/HairMeshesDefaultMaterial.uexp" 564
"../../../Engine/Plugins/Runtime/HairStrands/Content/Materials/HairDefaultMaterial.uasset" 565
"../../../Engine/Plugins/Runtime/HairStrands/Content/Materials/HairDefaultMaterial.uexp" 566
"../../../Engine/Plugins/Runtime/HairStrands/Content/Materials/HairGroupColors.uasset" 567
"../../../Engine/Plugins/Runtime/HairStrands/Content/Materials/HairGroupColors.uexp" 568
"../../../Engine/Content/EngineMaterials/HairColorMap.uasset" 569
"../../../Engine/Content/EngineMaterials/HairColorMap.uexp" 570
"../../../Engine/Content/EngineMaterials/HairDebugColor.uasset" 571
"../../../Engine/Content/EngineMaterials/HairDebugColor.uexp" 572
"../../../Engine/Plugins/Runtime/HairStrands/Content/Materials/HairDebugMaterial.uasset" 573
"../../../Engine/Plugins/Runtime/HairStrands/Content/Materials/HairDebugMaterial.uexp" 574
"../../../Engine/Plugins/Runtime/HairStrands/Content/Materials/HairCardsDefaultMaterial.uasset" 575
"../../../Engine/Plugins/Runtime/HairStrands/Content/Materials/HairCardsDefaultMaterial.uexp" 576
"../../../Engine/Content/EngineMeshes/Cube.ubulk" 577
"../../../Engine/Content/EngineMeshes/Cube.uasset" 578
"../../../Engine/Content/EngineMeshes/Cube.uexp" 579
"D:/UnrealEngene/Projects/TreasureHunting/Content/Environment/Blueprint/BP_THFloor.uasset" 580
"D:/UnrealEngene/Projects/TreasureHunting/Content/Environment/Blueprint/BP_THFloor.uexp" 581
"D:/UnrealEngene/Projects/TreasureHunting/Content/Materials/WallMaterial.uasset" 582
"D:/UnrealEngene/Projects/TreasureHunting/Content/Materials/WallMaterial.uexp" 583
"D:/UnrealEngene/Projects/TreasureHunting/Content/Materials/WallMaterialInstance.uasset" 584
"D:/UnrealEngene/Projects/TreasureHunting/Content/Materials/WallMaterialInstance.uexp" 585
"D:/UnrealEngene/Projects/TreasureHunting/Content/Environment/Blueprint/BP_THWall.uasset" 586
"D:/UnrealEngene/Projects/TreasureHunting/Content/Environment/Blueprint/BP_THWall.uexp" 587
"D:/UnrealEngene/Projects/TreasureHunting/Content/Environment/Blueprint/BP_EnvironmentHUBActor.uasset" 588
"D:/UnrealEngene/Projects/TreasureHunting/Content/Environment/Blueprint/BP_EnvironmentHUBActor.uexp" 589
"../../../Engine/Content/EngineSky/T_Sky_Stars.ubulk" 590
"../../../Engine/Content/EngineSky/T_Sky_Stars.uasset" 591
"../../../Engine/Content/EngineSky/T_Sky_Stars.uexp" 592
"../../../Engine/Content/EngineSky/T_Sky_Clouds_M.ubulk" 593
"../../../Engine/Content/EngineSky/T_Sky_Clouds_M.uasset" 594
"../../../Engine/Content/EngineSky/T_Sky_Clouds_M.uexp" 595
"../../../Engine/Content/EngineSky/T_Sky_Blue.ubulk" 596
"../../../Engine/Content/EngineSky/T_Sky_Blue.uasset" 597
"../../../Engine/Content/EngineSky/T_Sky_Blue.uexp" 598
"../../../Engine/Content/EngineSky/M_Sky_Panning_Clouds2.uasset" 599
"../../../Engine/Content/EngineSky/M_Sky_Panning_Clouds2.uexp" 600
"../../../Engine/Content/EngineSky/SM_SkySphere.ubulk" 601
"../../../Engine/Content/EngineSky/SM_SkySphere.uasset" 602
"../../../Engine/Content/EngineSky/SM_SkySphere.uexp" 603
"../../../Engine/Content/Animation/DefaultAnimBoneCompressionSettings.uasset" 604
"../../../Engine/Content/Animation/DefaultAnimBoneCompressionSettings.uexp" 605
"../../../Engine/Content/EngineMeshes/Humanoid.uasset" 606
"../../../Engine/Content/EngineMeshes/Humanoid.uexp" 607
"D:/UnrealEngene/Projects/TreasureHunting/Content/LearningKit_Games/Assets/Characters/Character/Mesh/SK_EpicCharacter_Skeleton.uasset" 608
"D:/UnrealEngene/Projects/TreasureHunting/Content/LearningKit_Games/Assets/Characters/Character/Mesh/SK_EpicCharacter_Skeleton.uexp" 609
"D:/UnrealEngene/Projects/TreasureHunting/Content/LearningKit_Games/Assets/Characters/Character/Animations/epicCharacter_Idle.uasset" 610
"D:/UnrealEngene/Projects/TreasureHunting/Content/LearningKit_Games/Assets/Characters/Character/Animations/epicCharacter_Idle.uexp" 611
"D:/UnrealEngene/Projects/TreasureHunting/Content/LearningKit_Games/Assets/Characters/Character/Animations/epicCharacter_Walk.uasset" 612
"D:/UnrealEngene/Projects/TreasureHunting/Content/LearningKit_Games/Assets/Characters/Character/Animations/epicCharacter_Walk.uexp" 613
"D:/UnrealEngene/Projects/TreasureHunting/Content/Player/Animation/BS_StayToWalk.uasset" 614
"D:/UnrealEngene/Projects/TreasureHunting/Content/Player/Animation/BS_StayToWalk.uexp" 615
"D:/UnrealEngene/Projects/TreasureHunting/Content/LearningKit_Games/Assets/Characters/Character/Animations/epicCharacter_JumpUp_End.uasset" 616
"D:/UnrealEngene/Projects/TreasureHunting/Content/LearningKit_Games/Assets/Characters/Character/Animations/epicCharacter_JumpUp_End.uexp" 617
"D:/UnrealEngene/Projects/TreasureHunting/Content/LearningKit_Games/Assets/Characters/Character/Animations/epicCharacter_JumpUp_Start.uasset" 618
"D:/UnrealEngene/Projects/TreasureHunting/Content/LearningKit_Games/Assets/Characters/Character/Animations/epicCharacter_JumpUp_Start.uexp" 619
"D:/UnrealEngene/Projects/TreasureHunting/Content/LearningKit_Games/Assets/Characters/Character/Animations/epicCharacter_Falling.uasset" 620
"D:/UnrealEngene/Projects/TreasureHunting/Content/LearningKit_Games/Assets/Characters/Character/Animations/epicCharacter_Falling.uexp" 621
"D:/UnrealEngene/Projects/TreasureHunting/Content/LearningKit_Games/Assets/Characters/Character/Animations/epicCharacter_Run.uasset" 622
"D:/UnrealEngene/Projects/TreasureHunting/Content/LearningKit_Games/Assets/Characters/Character/Animations/epicCharacter_Run.uexp" 623
"D:/UnrealEngene/Projects/TreasureHunting/Content/Player/Animation/ABP_CharacterAnim.uasset" 624
"D:/UnrealEngene/Projects/TreasureHunting/Content/Player/Animation/ABP_CharacterAnim.uexp" 625
"D:/UnrealEngene/Projects/TreasureHunting/Content/LearningKit_Games/Assets/Characters/Character/Texture/T_EpicCharacter_Skin_BC.ubulk" 626
"D:/UnrealEngene/Projects/TreasureHunting/Content/LearningKit_Games/Assets/Characters/Character/Texture/T_EpicCharacter_Skin_BC.uasset" 627
"D:/UnrealEngene/Projects/TreasureHunting/Content/LearningKit_Games/Assets/Characters/Character/Texture/T_EpicCharacter_Skin_BC.uexp" 628
"../../../Engine/Content/EngineMaterials/BlendFunc_DefBlend.uasset" 629
"../../../Engine/Content/EngineMaterials/BlendFunc_DefBlend.uexp" 630
"../../../Engine/Content/MapTemplates/TilingNoise05.ubulk" 631
"../../../Engine/Content/MapTemplates/TilingNoise05.uasset" 632
"../../../Engine/Content/MapTemplates/TilingNoise05.uexp" 633
"../../../Engine/Content/Functions/Engine_MaterialFunctions02/ExampleContent/Textures/LowResBlurredNoise.uasset" 634
"../../../Engine/Content/Functions/Engine_MaterialFunctions02/ExampleContent/Textures/LowResBlurredNoise.uexp" 635
"../../../Engine/Content/EngineMaterials/BlendFunc_DefBase.uasset" 636
"../../../Engine/Content/EngineMaterials/BlendFunc_DefBase.uexp" 637
"D:/UnrealEngene/Projects/TreasureHunting/Content/LearningKit_Games/Assets/Characters/Character/Texture/T_EpicCharacter_Backpack_RGB.ubulk" 638
"D:/UnrealEngene/Projects/TreasureHunting/Content/LearningKit_Games/Assets/Characters/Character/Texture/T_EpicCharacter_Backpack_RGB.uasset" 639
"D:/UnrealEngene/Projects/TreasureHunting/Content/LearningKit_Games/Assets/Characters/Character/Texture/T_EpicCharacter_Backpack_RGB.uexp" 640
"D:/UnrealEngene/Projects/TreasureHunting/Content/LearningKit_Games/Assets/Characters/Character/Texture/T_EpicCharacter_Backpack_BC.ubulk" 641
"D:/UnrealEngene/Projects/TreasureHunting/Content/LearningKit_Games/Assets/Characters/Character/Texture/T_EpicCharacter_Backpack_BC.uasset" 642
"D:/UnrealEngene/Projects/TreasureHunting/Content/LearningKit_Games/Assets/Characters/Character/Texture/T_EpicCharacter_Backpack_BC.uexp" 643
"D:/UnrealEngene/Projects/TreasureHunting/Content/LearningKit_Games/Assets/_Shared/Textures/T_Default_N.ubulk" 644
"D:/UnrealEngene/Projects/TreasureHunting/Content/LearningKit_Games/Assets/_Shared/Textures/T_Default_N.uasset" 645
"D:/UnrealEngene/Projects/TreasureHunting/Content/LearningKit_Games/Assets/_Shared/Textures/T_Default_N.uexp" 646
"D:/UnrealEngene/Projects/TreasureHunting/Content/LearningKit_Games/Assets/_Shared/Textures/T_Default_BC.ubulk" 647
"D:/UnrealEngene/Projects/TreasureHunting/Content/LearningKit_Games/Assets/_Shared/Textures/T_Default_BC.uasset" 648
"D:/UnrealEngene/Projects/TreasureHunting/Content/LearningKit_Games/Assets/_Shared/Textures/T_Default_BC.uexp" 649
"D:/UnrealEngene/Projects/TreasureHunting/Content/LearningKit_Games/Assets/_Shared/Textures/T_Default_ARM.ubulk" 650
"D:/UnrealEngene/Projects/TreasureHunting/Content/LearningKit_Games/Assets/_Shared/Textures/T_Default_ARM.uasset" 651
"D:/UnrealEngene/Projects/TreasureHunting/Content/LearningKit_Games/Assets/_Shared/Textures/T_Default_ARM.uexp" 652
"../../../Engine/Content/Functions/Engine_MaterialFunctions03/Blends/Blend_Overlay.uasset" 653
"../../../Engine/Content/Functions/Engine_MaterialFunctions03/Blends/Blend_Overlay.uexp" 654
"../../../Engine/Content/Functions/Engine_MaterialFunctions01/Gradient/LinearGradient.uasset" 655
"../../../Engine/Content/Functions/Engine_MaterialFunctions01/Gradient/LinearGradient.uexp" 656
"../../../Engine/Content/Functions/Engine_MaterialFunctions01/ImageAdjustment/CheapContrast.uasset" 657
"../../../Engine/Content/Functions/Engine_MaterialFunctions01/ImageAdjustment/CheapContrast.uexp" 658
"D:/UnrealEngene/Projects/TreasureHunting/Content/LearningKit_Games/Assets/_Shared/Textures/T_Default_O.ubulk" 659
"D:/UnrealEngene/Projects/TreasureHunting/Content/LearningKit_Games/Assets/_Shared/Textures/T_Default_O.uasset" 660
"D:/UnrealEngene/Projects/TreasureHunting/Content/LearningKit_Games/Assets/_Shared/Textures/T_Default_O.uexp" 661
"D:/UnrealEngene/Projects/TreasureHunting/Content/LearningKit_Games/Assets/_Shared/Textures/T_Default_RGB.ubulk" 662
"D:/UnrealEngene/Projects/TreasureHunting/Content/LearningKit_Games/Assets/_Shared/Textures/T_Default_RGB.uasset" 663
"D:/UnrealEngene/Projects/TreasureHunting/Content/LearningKit_Games/Assets/_Shared/Textures/T_Default_RGB.uexp" 664
"../../../Engine/Content/Functions/Engine_MaterialFunctions01/Texturing/WorldAlignedTexture.uasset" 665
"../../../Engine/Content/Functions/Engine_MaterialFunctions01/Texturing/WorldAlignedTexture.uexp" 666
"../../../Engine/Content/MaterialTemplates/LayerBlends/T_DefaultMaskTexture.uasset" 667
"../../../Engine/Content/MaterialTemplates/LayerBlends/T_DefaultMaskTexture.uexp" 668
"D:/UnrealEngene/Projects/TreasureHunting/Content/LearningKit_Games/Assets/_Shared/Textures/T_Default_E.ubulk" 669
"D:/UnrealEngene/Projects/TreasureHunting/Content/LearningKit_Games/Assets/_Shared/Textures/T_Default_E.uasset" 670
"D:/UnrealEngene/Projects/TreasureHunting/Content/LearningKit_Games/Assets/_Shared/Textures/T_Default_E.uexp" 671
"D:/UnrealEngene/Projects/TreasureHunting/Content/LearningKit_Games/Assets/_Shared/Functions/MF_MasterMaterialFunction.uasset" 672
"D:/UnrealEngene/Projects/TreasureHunting/Content/LearningKit_Games/Assets/_Shared/Functions/MF_MasterMaterialFunction.uexp" 673
"D:/UnrealEngene/Projects/TreasureHunting/Content/LearningKit_Games/Assets/_Shared/Materials/M_LearningKit_MasterMaterial.uasset" 674
"D:/UnrealEngene/Projects/TreasureHunting/Content/LearningKit_Games/Assets/_Shared/Materials/M_LearningKit_MasterMaterial.uexp" 675
"D:/UnrealEngene/Projects/TreasureHunting/Content/LearningKit_Games/Assets/_Shared/Materials/MI_Opaque_BaseInstance.uasset" 676
"D:/UnrealEngene/Projects/TreasureHunting/Content/LearningKit_Games/Assets/_Shared/Materials/MI_Opaque_BaseInstance.uexp" 677
"../../../Engine/Content/EngineMaterials/DefaultNormal.ubulk" 678
"../../../Engine/Content/EngineMaterials/DefaultNormal.uasset" 679
"../../../Engine/Content/EngineMaterials/DefaultNormal.uexp" 680
"D:/UnrealEngene/Projects/TreasureHunting/Content/LearningKit_Games/Assets/Characters/Character/Texture/T_EpicCharacter_Backpack_ARM.ubulk" 681
"D:/UnrealEngene/Projects/TreasureHunting/Content/LearningKit_Games/Assets/Characters/Character/Texture/T_EpicCharacter_Backpack_ARM.uasset" 682
"D:/UnrealEngene/Projects/TreasureHunting/Content/LearningKit_Games/Assets/Characters/Character/Texture/T_EpicCharacter_Backpack_ARM.uexp" 683
"D:/UnrealEngene/Projects/TreasureHunting/Content/LearningKit_Games/Assets/Characters/Character/Material/MI_epicCharacter_Backpack.uasset" 684
"D:/UnrealEngene/Projects/TreasureHunting/Content/LearningKit_Games/Assets/Characters/Character/Material/MI_epicCharacter_Backpack.uexp" 685
"D:/UnrealEngene/Projects/TreasureHunting/Content/LearningKit_Games/Assets/Characters/Character/Texture/T_EpicCharacter_Skin_RGB.ubulk" 686
"D:/UnrealEngene/Projects/TreasureHunting/Content/LearningKit_Games/Assets/Characters/Character/Texture/T_EpicCharacter_Skin_RGB.uasset" 687
"D:/UnrealEngene/Projects/TreasureHunting/Content/LearningKit_Games/Assets/Characters/Character/Texture/T_EpicCharacter_Skin_RGB.uexp" 688
"D:/UnrealEngene/Projects/TreasureHunting/Content/LearningKit_Games/Assets/Characters/Character/Texture/T_EpicCharacter_Skin_ARM.ubulk" 689
"D:/UnrealEngene/Projects/TreasureHunting/Content/LearningKit_Games/Assets/Characters/Character/Texture/T_EpicCharacter_Skin_ARM.uasset" 690
"D:/UnrealEngene/Projects/TreasureHunting/Content/LearningKit_Games/Assets/Characters/Character/Texture/T_EpicCharacter_Skin_ARM.uexp" 691
"D:/UnrealEngene/Projects/TreasureHunting/Content/LearningKit_Games/Assets/Characters/Character/Material/MI_epicCharacter_Skin.uasset" 692
"D:/UnrealEngene/Projects/TreasureHunting/Content/LearningKit_Games/Assets/Characters/Character/Material/MI_epicCharacter_Skin.uexp" 693
"D:/UnrealEngene/Projects/TreasureHunting/Content/LearningKit_Games/Assets/Characters/Character/Texture/T_EpicCharacter_Tunic_E.ubulk" 694
"D:/UnrealEngene/Projects/TreasureHunting/Content/LearningKit_Games/Assets/Characters/Character/Texture/T_EpicCharacter_Tunic_E.uasset" 695
"D:/UnrealEngene/Projects/TreasureHunting/Content/LearningKit_Games/Assets/Characters/Character/Texture/T_EpicCharacter_Tunic_E.uexp" 696
"D:/UnrealEngene/Projects/TreasureHunting/Content/LearningKit_Games/Assets/Characters/Character/Texture/T_EpicCharacter_Tunic_BC.ubulk" 697
"D:/UnrealEngene/Projects/TreasureHunting/Content/LearningKit_Games/Assets/Characters/Character/Texture/T_EpicCharacter_Tunic_BC.uasset" 698
"D:/UnrealEngene/Projects/TreasureHunting/Content/LearningKit_Games/Assets/Characters/Character/Texture/T_EpicCharacter_Tunic_BC.uexp" 699
"D:/UnrealEngene/Projects/TreasureHunting/Content/LearningKit_Games/Assets/Characters/Character/Texture/T_EpicCharacter_Tunic_RGB.ubulk" 700
"D:/UnrealEngene/Projects/TreasureHunting/Content/LearningKit_Games/Assets/Characters/Character/Texture/T_EpicCharacter_Tunic_RGB.uasset" 701
"D:/UnrealEngene/Projects/TreasureHunting/Content/LearningKit_Games/Assets/Characters/Character/Texture/T_EpicCharacter_Tunic_RGB.uexp" 702
"D:/UnrealEngene/Projects/TreasureHunting/Content/LearningKit_Games/Assets/Characters/Character/Texture/T_EpicCharacter_Tunic_ARM.ubulk" 703
"D:/UnrealEngene/Projects/TreasureHunting/Content/LearningKit_Games/Assets/Characters/Character/Texture/T_EpicCharacter_Tunic_ARM.uasset" 704
"D:/UnrealEngene/Projects/TreasureHunting/Content/LearningKit_Games/Assets/Characters/Character/Texture/T_EpicCharacter_Tunic_ARM.uexp" 705
"D:/UnrealEngene/Projects/TreasureHunting/Content/LearningKit_Games/Assets/Characters/Character/Material/MI_epicCharacter_Tunic.uasset" 706
"D:/UnrealEngene/Projects/TreasureHunting/Content/LearningKit_Games/Assets/Characters/Character/Material/MI_epicCharacter_Tunic.uexp" 707
"D:/UnrealEngene/Projects/TreasureHunting/Content/LearningKit_Games/Assets/Characters/Character/Texture/T_EpicCharacter_SleevesShorts_BC.ubulk" 708
"D:/UnrealEngene/Projects/TreasureHunting/Content/LearningKit_Games/Assets/Characters/Character/Texture/T_EpicCharacter_SleevesShorts_BC.uasset" 709
"D:/UnrealEngene/Projects/TreasureHunting/Content/LearningKit_Games/Assets/Characters/Character/Texture/T_EpicCharacter_SleevesShorts_BC.uexp" 710
"D:/UnrealEngene/Projects/TreasureHunting/Content/LearningKit_Games/Assets/Characters/Character/Texture/T_EpicCharacter_SleevesShorts_ARM.ubulk" 711
"D:/UnrealEngene/Projects/TreasureHunting/Content/LearningKit_Games/Assets/Characters/Character/Texture/T_EpicCharacter_SleevesShorts_ARM.uasset" 712
"D:/UnrealEngene/Projects/TreasureHunting/Content/LearningKit_Games/Assets/Characters/Character/Texture/T_EpicCharacter_SleevesShorts_ARM.uexp" 713
"D:/UnrealEngene/Projects/TreasureHunting/Content/LearningKit_Games/Assets/Characters/Character/Texture/T_EpicCharacter_SleevesShorts_RGB.ubulk" 714
"D:/UnrealEngene/Projects/TreasureHunting/Content/LearningKit_Games/Assets/Characters/Character/Texture/T_EpicCharacter_SleevesShorts_RGB.uasset" 715
"D:/UnrealEngene/Projects/TreasureHunting/Content/LearningKit_Games/Assets/Characters/Character/Texture/T_EpicCharacter_SleevesShorts_RGB.uexp" 716
"D:/UnrealEngene/Projects/TreasureHunting/Content/LearningKit_Games/Assets/Characters/Character/Material/MI_epicCharacter_SleevesShorts.uasset" 717
"D:/UnrealEngene/Projects/TreasureHunting/Content/LearningKit_Games/Assets/Characters/Character/Material/MI_epicCharacter_SleevesShorts.uexp" 718
"D:/UnrealEngene/Projects/TreasureHunting/Content/LearningKit_Games/Assets/Characters/Character/Texture/T_EpicCharacter_Boots_BC.ubulk" 719
"D:/UnrealEngene/Projects/TreasureHunting/Content/LearningKit_Games/Assets/Characters/Character/Texture/T_EpicCharacter_Boots_BC.uasset" 720
"D:/UnrealEngene/Projects/TreasureHunting/Content/LearningKit_Games/Assets/Characters/Character/Texture/T_EpicCharacter_Boots_BC.uexp" 721
"D:/UnrealEngene/Projects/TreasureHunting/Content/LearningKit_Games/Assets/Characters/Character/Texture/T_EpicCharacter_Boots_ARM.ubulk" 722
"D:/UnrealEngene/Projects/TreasureHunting/Content/LearningKit_Games/Assets/Characters/Character/Texture/T_EpicCharacter_Boots_ARM.uasset" 723
"D:/UnrealEngene/Projects/TreasureHunting/Content/LearningKit_Games/Assets/Characters/Character/Texture/T_EpicCharacter_Boots_ARM.uexp" 724
"D:/UnrealEngene/Projects/TreasureHunting/Content/LearningKit_Games/Assets/Characters/Character/Texture/T_EpicCharacter_Boots_RGB.ubulk" 725
"D:/UnrealEngene/Projects/TreasureHunting/Content/LearningKit_Games/Assets/Characters/Character/Texture/T_EpicCharacter_Boots_RGB.uasset" 726
"D:/UnrealEngene/Projects/TreasureHunting/Content/LearningKit_Games/Assets/Characters/Character/Texture/T_EpicCharacter_Boots_RGB.uexp" 727
"D:/UnrealEngene/Projects/TreasureHunting/Content/LearningKit_Games/Assets/Characters/Character/Material/MI_epicCharacter_Boots.uasset" 728
"D:/UnrealEngene/Projects/TreasureHunting/Content/LearningKit_Games/Assets/Characters/Character/Material/MI_epicCharacter_Boots.uexp" 729
"D:/UnrealEngene/Projects/TreasureHunting/Content/LearningKit_Games/Assets/Characters/Character/Texture/T_EpicCharacter_Head_E.ubulk" 730
"D:/UnrealEngene/Projects/TreasureHunting/Content/LearningKit_Games/Assets/Characters/Character/Texture/T_EpicCharacter_Head_E.uasset" 731
"D:/UnrealEngene/Projects/TreasureHunting/Content/LearningKit_Games/Assets/Characters/Character/Texture/T_EpicCharacter_Head_E.uexp" 732
"D:/UnrealEngene/Projects/TreasureHunting/Content/LearningKit_Games/Assets/Characters/Character/Texture/T_EpicCharacter_Head_ARM.ubulk" 733
"D:/UnrealEngene/Projects/TreasureHunting/Content/LearningKit_Games/Assets/Characters/Character/Texture/T_EpicCharacter_Head_ARM.uasset" 734
"D:/UnrealEngene/Projects/TreasureHunting/Content/LearningKit_Games/Assets/Characters/Character/Texture/T_EpicCharacter_Head_ARM.uexp" 735
"D:/UnrealEngene/Projects/TreasureHunting/Content/LearningKit_Games/Assets/Characters/Character/Texture/T_EpicCharacter_Head_RGB.ubulk" 736
"D:/UnrealEngene/Projects/TreasureHunting/Content/LearningKit_Games/Assets/Characters/Character/Texture/T_EpicCharacter_Head_RGB.uasset" 737
"D:/UnrealEngene/Projects/TreasureHunting/Content/LearningKit_Games/Assets/Characters/Character/Texture/T_EpicCharacter_Head_RGB.uexp" 738
"D:/UnrealEngene/Projects/TreasureHunting/Content/LearningKit_Games/Assets/Characters/Character/Texture/T_EpicCharacter_Head_BC.ubulk" 739
"D:/UnrealEngene/Projects/TreasureHunting/Content/LearningKit_Games/Assets/Characters/Character/Texture/T_EpicCharacter_Head_BC.uasset" 740
"D:/UnrealEngene/Projects/TreasureHunting/Content/LearningKit_Games/Assets/Characters/Character/Texture/T_EpicCharacter_Head_BC.uexp" 741
"D:/UnrealEngene/Projects/TreasureHunting/Content/LearningKit_Games/Assets/Characters/Character/Material/MI_epicCharacter_Head.uasset" 742
"D:/UnrealEngene/Projects/TreasureHunting/Content/LearningKit_Games/Assets/Characters/Character/Material/MI_epicCharacter_Head.uexp" 743
"D:/UnrealEngene/Projects/TreasureHunting/Content/LearningKit_Games/Assets/Characters/Character/Texture/T_EpicCharacter_Hood_BC.ubulk" 744
"D:/UnrealEngene/Projects/TreasureHunting/Content/LearningKit_Games/Assets/Characters/Character/Texture/T_EpicCharacter_Hood_BC.uasset" 745
"D:/UnrealEngene/Projects/TreasureHunting/Content/LearningKit_Games/Assets/Characters/Character/Texture/T_EpicCharacter_Hood_BC.uexp" 746
"D:/UnrealEngene/Projects/TreasureHunting/Content/LearningKit_Games/Assets/Characters/Character/Texture/T_EpicCharacter_Hood_RGB.ubulk" 747
"D:/UnrealEngene/Projects/TreasureHunting/Content/LearningKit_Games/Assets/Characters/Character/Texture/T_EpicCharacter_Hood_RGB.uasset" 748
"D:/UnrealEngene/Projects/TreasureHunting/Content/LearningKit_Games/Assets/Characters/Character/Texture/T_EpicCharacter_Hood_RGB.uexp" 749
"D:/UnrealEngene/Projects/TreasureHunting/Content/LearningKit_Games/Assets/Characters/Character/Texture/T_EpicCharacter_Hood_ARM.ubulk" 750
"D:/UnrealEngene/Projects/TreasureHunting/Content/LearningKit_Games/Assets/Characters/Character/Texture/T_EpicCharacter_Hood_ARM.uasset" 751
"D:/UnrealEngene/Projects/TreasureHunting/Content/LearningKit_Games/Assets/Characters/Character/Texture/T_EpicCharacter_Hood_ARM.uexp" 752
"D:/UnrealEngene/Projects/TreasureHunting/Content/LearningKit_Games/Assets/Characters/Character/Material/MI_epicCharacter_Hood.uasset" 753
"D:/UnrealEngene/Projects/TreasureHunting/Content/LearningKit_Games/Assets/Characters/Character/Material/MI_epicCharacter_Hood.uexp" 754
"D:/UnrealEngene/Projects/TreasureHunting/Content/LearningKit_Games/Assets/Characters/Character/Texture/T_EpicCharacter_Bedroll_BC.ubulk" 755
"D:/UnrealEngene/Projects/TreasureHunting/Content/LearningKit_Games/Assets/Characters/Character/Texture/T_EpicCharacter_Bedroll_BC.uasset" 756
"D:/UnrealEngene/Projects/TreasureHunting/Content/LearningKit_Games/Assets/Characters/Character/Texture/T_EpicCharacter_Bedroll_BC.uexp" 757
"D:/UnrealEngene/Projects/TreasureHunting/Content/LearningKit_Games/Assets/Characters/Character/Texture/T_EpicCharacter_Bedroll_RGB.ubulk" 758
"D:/UnrealEngene/Projects/TreasureHunting/Content/LearningKit_Games/Assets/Characters/Character/Texture/T_EpicCharacter_Bedroll_RGB.uasset" 759
"D:/UnrealEngene/Projects/TreasureHunting/Content/LearningKit_Games/Assets/Characters/Character/Texture/T_EpicCharacter_Bedroll_RGB.uexp" 760
"D:/UnrealEngene/Projects/TreasureHunting/Content/LearningKit_Games/Assets/Characters/Character/Texture/T_EpicCharacter_Bedroll_ARM.ubulk" 761
"D:/UnrealEngene/Projects/TreasureHunting/Content/LearningKit_Games/Assets/Characters/Character/Texture/T_EpicCharacter_Bedroll_ARM.uasset" 762
"D:/UnrealEngene/Projects/TreasureHunting/Content/LearningKit_Games/Assets/Characters/Character/Texture/T_EpicCharacter_Bedroll_ARM.uexp" 763
"D:/UnrealEngene/Projects/TreasureHunting/Content/LearningKit_Games/Assets/Characters/Character/Material/MI_epicCharacter_BedRoll.uasset" 764
"D:/UnrealEngene/Projects/TreasureHunting/Content/LearningKit_Games/Assets/Characters/Character/Material/MI_epicCharacter_BedRoll.uexp" 765
"D:/UnrealEngene/Projects/TreasureHunting/Content/LearningKit_Games/Assets/Characters/Character/Mesh/SK_EpicCharacter_Physics.uasset" 766
"D:/UnrealEngene/Projects/TreasureHunting/Content/LearningKit_Games/Assets/Characters/Character/Mesh/SK_EpicCharacter_Physics.uexp" 767
"D:/UnrealEngene/Projects/TreasureHunting/Content/LearningKit_Games/Assets/Characters/Character/Mesh/SK_EpicCharacter.uasset" 768
"D:/UnrealEngene/Projects/TreasureHunting/Content/LearningKit_Games/Assets/Characters/Character/Mesh/SK_EpicCharacter.uexp" 769
"D:/UnrealEngene/Projects/TreasureHunting/Content/Player/BP_THCharacter.uasset" 770
"D:/UnrealEngene/Projects/TreasureHunting/Content/Player/BP_THCharacter.uexp" 771
"D:/UnrealEngene/Projects/TreasureHunting/Content/Level/WBP_UserInterface.uasset" 772
"D:/UnrealEngene/Projects/TreasureHunting/Content/Level/WBP_UserInterface.uexp" 773
"D:/UnrealEngene/Projects/TreasureHunting/Content/Level/BP_THMainLevelHUD.uasset" 774
"D:/UnrealEngene/Projects/TreasureHunting/Content/Level/BP_THMainLevelHUD.uexp" 775
"D:/UnrealEngene/Projects/TreasureHunting/Content/Player/BP_THPlayerController.uasset" 776
"D:/UnrealEngene/Projects/TreasureHunting/Content/Player/BP_THPlayerController.uexp" 777
"D:/UnrealEngene/Projects/TreasureHunting/Content/Player/BP_TreasureHuntingGameModeBase.uasset" 778
"D:/UnrealEngene/Projects/TreasureHunting/Content/Player/BP_TreasureHuntingGameModeBase.uexp" 779
"../../../Engine/Content/EngineSky/M_SimpleSkyDome.uasset" 780
"../../../Engine/Content/EngineSky/M_SimpleSkyDome.uexp" 781
"D:/UnrealEngene/Projects/TreasureHunting/Content/Level/MainLevel_BuiltData.ubulk" 782
"D:/UnrealEngene/Projects/TreasureHunting/Content/Level/MainLevel_BuiltData.uasset" 783
"D:/UnrealEngene/Projects/TreasureHunting/Content/Level/MainLevel_BuiltData.uexp" 784
"D:/UnrealEngene/Projects/TreasureHunting/Content/Level/MainLevel.uexp" 785
"D:/UnrealEngene/Projects/TreasureHunting/Content/Level/MainLevel.umap" 786
"D:/UnrealEngene/Projects/TreasureHunting/Content/Menu/MenuLevel.uexp" 787
"D:/UnrealEngene/Projects/TreasureHunting/Content/Menu/MenuLevel.umap" 788
"../../../Engine/Content/Maps/Entry_BuiltData.uasset" 789
"../../../Engine/Content/Maps/Entry_BuiltData.uexp" 790
"../../../Engine/Content/Maps/Entry.uexp" 791
"../../../Engine/Content/Maps/Entry.umap" 792
